0 info it worked if it ends with ok
1 verbose cli [ '/home/albert/.nvm/versions/v4.4.0/bin/node',
1 verbose cli   '/home/albert/.nvm/versions/v4.4.0/bin/npm',
1 verbose cli   'publish' ]
2 info using npm@2.14.20
3 info using node@v4.4.0
4 verbose publish [ '.' ]
5 silly cache add args [ '.', null ]
6 verbose cache add spec .
7 silly cache add parsed spec Result {
7 silly cache add   raw: '.',
7 silly cache add   scope: null,
7 silly cache add   name: null,
7 silly cache add   rawSpec: '.',
7 silly cache add   spec: '/home/albert/workspace/undefinedIsNotAnObject',
7 silly cache add   type: 'directory' }
8 verbose addLocalDirectory /home/albert/.npm/uo.js/0.0.0/package.tgz not in flight; packing
9 verbose correctMkdir /home/albert/.npm correctMkdir not in flight; initializing
10 verbose tar pack [ '/home/albert/.npm/uo.js/0.0.0/package.tgz',
10 verbose tar pack   '/home/albert/workspace/undefinedIsNotAnObject' ]
11 verbose tarball /home/albert/.npm/uo.js/0.0.0/package.tgz
12 verbose folder /home/albert/workspace/undefinedIsNotAnObject
13 info prepublish uo.js@0.0.0
14 verbose addLocalTarball adding from inside cache /home/albert/.npm/uo.js/0.0.0/package.tgz
15 verbose correctMkdir /home/albert/.npm correctMkdir not in flight; initializing
16 silly cache afterAdd uo.js@0.0.0
17 verbose afterAdd /home/albert/.npm/uo.js/0.0.0/package/package.json not in flight; writing
18 verbose correctMkdir /home/albert/.npm correctMkdir not in flight; initializing
19 verbose afterAdd /home/albert/.npm/uo.js/0.0.0/package/package.json written
20 silly publish { name: 'uo.js',
20 silly publish   version: '0.0.0',
20 silly publish   description: 'Aims to solve the problem of this error. When there is a complex object such us:',
20 silly publish   main: 'index.js',
20 silly publish   scripts: { test: 'make test' },
20 silly publish   repository: { type: 'git', url: 'git+https://github.com/xilix/uo.git' },
20 silly publish   keywords: [ 'undefined', 'is', 'not', 'an', 'object', 'javascript' ],
20 silly publish   author: '',
20 silly publish   license: 'MIT',
20 silly publish   devDependencies: { mocha: '~2.4.5', should: '~8.3.1' },
20 silly publish   readme: '### Undefined is not an Object\n\nAims to solve the problem of this error. When there is a complex object such us:\n\n```js\n  let person = {\n    name: \'Jhon\',\n    lastname: \'Smith\',\n    job: {\n      name: \'butcher\',\n      salary: 20000,\n      company: {\n        name: \'meats && cows inc.\',\n        revenue: 30000000\n      },\n      perks: {\n        insurance: [\n          {\n            name: \'health care insurance\',\n            amount: 1000\n          },\n          {\n            name: \'travel insurance\',\n            amount: 500\n          }\n        ]\n      }\n    }\n  };\n```\n\nif some operation over some nested key is need but we cannot\nasure that any of the parent keys are set up then is need to \ncheck all the parent keys in order to avoid a undefined is not\nwathever runtime error:\n\n```js\nvar getJobInsurancesAmount = function (person) {\n  if (\n    person &&\n    person.job &&\n    person.job.perks &&\n    person.job.perks.insurance\n  ) {\n    return person.job.perks.insurance.reduce((insurance, amount) => {\n      return amount + insurance.amount;\n    }); \n  }\n};\n```\n\nUndefined is not an Object allows to safely get any nested value without\nhaving to check every key. This allows to simplify this kind of checks:\n\n```js\nconst uo = require(\'uo.js\');\n\nvar getJobInsurancesAmount = function (person) {\n  if (uo(person, \'job\', \'perks\', \'insurance\')) {\n    return person.job.perks.insurance.reduce((insurance, amount) => {\n      return amount + insurance.amount;\n    }); \n  }\n};\n```\n\nalso it can be used to safe get some nested value, for example:\n\n```js\nconst uo = require(\'uo.js\');\n\nvar getJobInsurancesAmount = function (person) {\n    return (uo(person, \'job\', \'perks\', \'insurance\') || [])\n    .reduce((insurance, amount) => {\n      return amount + insurance.amount;\n    }); \n  }\n};\n```\n\nor\n\n```js\nconst uo = require(\'uo.js\');\n\nvar getCompanyName = function (person) {\n  return uo(person, \'job\', \'company\', \'name\');\n};\n```\n\n## Usage\n\nInstall dependency\n\n```\nnpm install --save uo.js\n```\n\nrequire dependency\n\n```js\nconst uo = require(\'uo.js\');\n```\n\n## Warnings\n\nSometimes it may be better to have a runtime error when tring to access\na property key of an undefined object following the principle\nof crash early but in other controlled situation it may be useful\nto be able to safely get this property. Use it wisely, you now better\nthan anybody your code.\n',
20 silly publish   readmeFilename: 'README.md',
20 silly publish   gitHead: '6241f6c38e37dc7e56d929f6d5b7b8d7f5b3f630',
20 silly publish   bugs: { url: 'https://github.com/xilix/uo/issues' },
20 silly publish   homepage: 'https://github.com/xilix/uo#readme',
20 silly publish   _id: 'uo.js@0.0.0',
20 silly publish   _shasum: '713b56c5719c358e1689b023bf3a226a597a026c',
20 silly publish   _from: '.' }
21 verbose getPublishConfig undefined
22 silly mapToRegistry name uo.js
23 silly mapToRegistry using default registry
24 silly mapToRegistry registry https://registry.npmjs.org/
25 silly mapToRegistry uri https://registry.npmjs.org/uo.js
26 verbose publish registryBase https://registry.npmjs.org/
27 silly publish uploading /home/albert/.npm/uo.js/0.0.0/package.tgz
28 verbose request uri https://registry.npmjs.org/uo.js
29 verbose request sending authorization for write operation
30 info attempt registry request try #1 at 00:13:51
31 verbose request using bearer token for auth
32 verbose request id 94664a163f680597
33 http request PUT https://registry.npmjs.org/uo.js
34 http 403 https://registry.npmjs.org/uo.js
35 verbose headers { 'content-type': 'application/json',
35 verbose headers   'cache-control': 'max-age=300',
35 verbose headers   'content-length': '95',
35 verbose headers   'accept-ranges': 'bytes',
35 verbose headers   date: 'Thu, 12 May 2016 22:13:55 GMT',
35 verbose headers   via: '1.1 varnish',
35 verbose headers   connection: 'keep-alive',
35 verbose headers   'x-served-by': 'cache-fra1224-FRA',
35 verbose headers   'x-cache': 'MISS',
35 verbose headers   'x-cache-hits': '0',
35 verbose headers   'x-timer': 'S1463091234.891603,VS0,VE1019',
35 verbose headers   vary: 'Accept-Encoding' }
36 verbose request invalidating /home/albert/.npm/registry.npmjs.org/uo.js on PUT
37 error publish Failed PUT 403
38 verbose stack Error: "You cannot publish over the previously published version 0.0.0." : uo.js
38 verbose stack     at makeError (/home/albert/.nvm/versions/v4.4.0/lib/node_modules/npm/node_modules/npm-registry-client/lib/request.js:264:12)
38 verbose stack     at CachingRegistryClient.<anonymous> (/home/albert/.nvm/versions/v4.4.0/lib/node_modules/npm/node_modules/npm-registry-client/lib/request.js:252:14)
38 verbose stack     at Request._callback (/home/albert/.nvm/versions/v4.4.0/lib/node_modules/npm/node_modules/npm-registry-client/lib/request.js:172:14)
38 verbose stack     at Request.self.callback (/home/albert/.nvm/versions/v4.4.0/lib/node_modules/npm/node_modules/request/request.js:199:22)
38 verbose stack     at emitTwo (events.js:87:13)
38 verbose stack     at Request.emit (events.js:172:7)
38 verbose stack     at Request.<anonymous> (/home/albert/.nvm/versions/v4.4.0/lib/node_modules/npm/node_modules/request/request.js:1036:10)
38 verbose stack     at emitOne (events.js:82:20)
38 verbose stack     at Request.emit (events.js:169:7)
38 verbose stack     at IncomingMessage.<anonymous> (/home/albert/.nvm/versions/v4.4.0/lib/node_modules/npm/node_modules/request/request.js:963:12)
39 verbose statusCode 403
40 verbose pkgid uo.js
41 verbose cwd /home/albert/workspace/undefinedIsNotAnObject
42 error Linux 4.4.6-201.fc22.x86_64
43 error argv "/home/albert/.nvm/versions/v4.4.0/bin/node" "/home/albert/.nvm/versions/v4.4.0/bin/npm" "publish"
44 error node v4.4.0
45 error npm  v2.14.20
46 error code E403
47 error "You cannot publish over the previously published version 0.0.0." : uo.js
48 error If you need help, you may report this error at:
48 error     <https://github.com/npm/npm/issues>
49 verbose exit [ 1, true ]
